<?xml version="1.0" encoding="UTF-8"?>
<!-- Generated by org.testng.reporters.JUnitReportReporter -->
<testsuite skipped="0" hostname="Prashants-MacBook-Air.local" name="Assignment.PlateIQ.SearchRequest" tests="1" failures="0" timestamp="30 May 2019 10:59:24 GMT" time="28.092" errors="0">
  <testcase name="searchtrip" time="28.092" classname="Assignment.PlateIQ.SearchRequest"/>
</testsuite> <!-- Assignment.PlateIQ.SearchRequest -->
