<?xml version="1.0" encoding="UTF-8"?>
<!-- Generated by org.testng.reporters.JUnitReportReporter -->
<testsuite skipped="0" hostname="Prashants-MacBook-Air.local" name="Assignment.PlateIQ.PersonalLogin" tests="1" failures="0" timestamp="30 May 2019 10:59:29 GMT" time="16.025" errors="0">
  <testcase name="personalLogin" time="16.025" classname="Assignment.PlateIQ.PersonalLogin"/>
</testsuite> <!-- Assignment.PlateIQ.PersonalLogin -->
